********** 3/25/2016 2:03:12 PM **********
Inner Exception Type: System.ArgumentNullException
Inner Exception: Value cannot be null.
Parameter name: assemblyString
Inner Source: mscorlib
Inner Stack Trace: 
   at System.Reflection.RuntimeAssembly.CreateAssemblyName(String assemblyString, Boolean forIntrospection, RuntimeAssembly& assemblyFromResolveEvent)
   at System.Reflection.RuntimeAssembly.InternalLoad(String assemblyString, Evidence assemblySecurity, StackCrawlMark& stackMark, IntPtr pPrivHostBinder, Boolean forIntrospection)
   at System.Reflection.RuntimeAssembly.InternalLoad(String assemblyString, Evidence assemblySecurity, StackCrawlMark& stackMark, Boolean forIntrospection)
   at System.Reflection.Assembly.Load(String assemblyString)
   at Votation.NSurvey.LDAPProvider.LDAPFactory.Create() in D:\Work\Projects\surveyproject\Reflector\Nsurvey_UserProvider\Votation.NSurvey.LDAPProvider\LDAPFactory.cs:line 25
   at Votations.NSurvey.Security.ADGroupSecurityAddIn.ProcessVoterData(VoterAnswersData voter) in D:\Work\Projects\surveyproject\Reflector\Nsurvey_WebControls\Votations.NSurvey.Security\ADGroupSecurityAddIn.cs:line 128
   at Votations.NSurvey.WebControls.SurveyBox.UnLoadSecurityAddIns(VoterAnswersData voterData) in D:\Work\Projects\surveyproject\Reflector\Nsurvey_WebControls\Votations.NSurvey.WebControls\SurveyBox.cs:line 1557
   at Votations.NSurvey.WebControls.SurveyBox.SubmitAnswersToDb() in D:\Work\Projects\surveyproject\Reflector\Nsurvey_WebControls\Votations.NSurvey.WebControls\SurveyBox.cs:line 1530
   at Votations.NSurvey.WebControls.SurveyBox.OnAnswersSubmit(Object sender, EventArgs e) in D:\Work\Projects\surveyproject\Reflector\Nsurvey_WebControls\Votations.NSurvey.WebControls\SurveyBox.cs:line 860
   at System.Web.UI.WebControls.Button.OnClick(EventArgs e)
   at System.Web.UI.WebControls.Button.RaisePostBackEvent(String eventArgument)
   at System.Web.UI.WebControls.Button.System.Web.UI.IPostBackEventHandler.RaisePostBackEvent(String eventArgument)
   at System.Web.UI.Page.RaisePostBackEvent(IPostBackEventHandler sourceControl, String eventArgument)
   at System.Web.UI.Page.RaisePostBackEvent(NameValueCollection postData)
   at System.Web.UI.Page.ProcessRequestMain(Boolean includeStagesBeforeAsyncPoint, Boolean includeStagesAfterAsyncPoint)
Exception Type: System.Web.HttpUnhandledException
Exception: Exception of type 'System.Web.HttpUnhandledException' was thrown.
Source: DefaultPage
Stack Trace: 
   at System.Web.UI.Page.HandleError(Exception e)
   at System.Web.UI.Page.ProcessRequestMain(Boolean includeStagesBeforeAsyncPoint, Boolean includeStagesAfterAsyncPoint)
   at System.Web.UI.Page.ProcessRequest(Boolean includeStagesBeforeAsyncPoint, Boolean includeStagesAfterAsyncPoint)
   at System.Web.UI.Page.ProcessRequest()
   at System.Web.UI.Page.ProcessRequestWithNoAssert(HttpContext context)
   at System.Web.UI.Page.ProcessRequest(HttpContext context)
   at ASP.nsurveyadmin_takesurvey_aspx.ProcessRequest(HttpContext context) in c:\Users\viettq\AppData\Local\Temp\Temporary ASP.NET Files\vs\8aed6fa8\d519847a\App_Web_uu1qlbdy.1.cs:line 0
   at System.Web.HttpApplication.CallHandlerExecutionStep.System.Web.HttpApplication.IExecutionStep.Execute()
   at System.Web.HttpApplication.ExecuteStep(IExecutionStep step, Boolean& completedSynchronously)

********** 3/25/2016 2:06:11 PM **********
Inner Exception Type: System.IO.FileNotFoundException
Inner Exception: Could not load file or assembly 'Votations.NSurvey.LDAPProvider' or one of its dependencies. The system cannot find the file specified.
Inner Source: mscorlib
Inner Stack Trace: 
   at System.Reflection.RuntimeAssembly._nLoad(AssemblyName fileName, String codeBase, Evidence assemblySecurity, RuntimeAssembly locationHint, StackCrawlMark& stackMark, IntPtr pPrivHostBinder, Boolean throwOnFileNotFound, Boolean forIntrospection, Boolean suppressSecurityChecks)
   at System.Reflection.RuntimeAssembly.nLoad(AssemblyName fileName, String codeBase, Evidence assemblySecurity, RuntimeAssembly locationHint, StackCrawlMark& stackMark, IntPtr pPrivHostBinder, Boolean throwOnFileNotFound, Boolean forIntrospection, Boolean suppressSecurityChecks)
   at System.Reflection.RuntimeAssembly.InternalLoadAssemblyName(AssemblyName assemblyRef, Evidence assemblySecurity, RuntimeAssembly reqAssembly, StackCrawlMark& stackMark, IntPtr pPrivHostBinder, Boolean throwOnFileNotFound, Boolean forIntrospection, Boolean suppressSecurityChecks)
   at System.Reflection.RuntimeAssembly.InternalLoad(String assemblyString, Evidence assemblySecurity, StackCrawlMark& stackMark, IntPtr pPrivHostBinder, Boolean forIntrospection)
   at System.Reflection.RuntimeAssembly.InternalLoad(String assemblyString, Evidence assemblySecurity, StackCrawlMark& stackMark, Boolean forIntrospection)
   at System.Reflection.Assembly.Load(String assemblyString)
   at Votation.NSurvey.LDAPProvider.LDAPFactory.Create() in D:\Work\Projects\surveyproject\Reflector\Nsurvey_UserProvider\Votation.NSurvey.LDAPProvider\LDAPFactory.cs:line 25
   at Votations.NSurvey.Security.ADGroupSecurityAddIn.ProcessVoterData(VoterAnswersData voter) in D:\Work\Projects\surveyproject\Reflector\Nsurvey_WebControls\Votations.NSurvey.Security\ADGroupSecurityAddIn.cs:line 128
   at Votations.NSurvey.WebControls.SurveyBox.UnLoadSecurityAddIns(VoterAnswersData voterData) in D:\Work\Projects\surveyproject\Reflector\Nsurvey_WebControls\Votations.NSurvey.WebControls\SurveyBox.cs:line 1557
   at Votations.NSurvey.WebControls.SurveyBox.SubmitAnswersToDb() in D:\Work\Projects\surveyproject\Reflector\Nsurvey_WebControls\Votations.NSurvey.WebControls\SurveyBox.cs:line 1530
   at Votations.NSurvey.WebControls.SurveyBox.OnAnswersSubmit(Object sender, EventArgs e) in D:\Work\Projects\surveyproject\Reflector\Nsurvey_WebControls\Votations.NSurvey.WebControls\SurveyBox.cs:line 860
   at System.Web.UI.WebControls.Button.OnClick(EventArgs e)
   at System.Web.UI.WebControls.Button.RaisePostBackEvent(String eventArgument)
   at System.Web.UI.WebControls.Button.System.Web.UI.IPostBackEventHandler.RaisePostBackEvent(String eventArgument)
   at System.Web.UI.Page.RaisePostBackEvent(IPostBackEventHandler sourceControl, String eventArgument)
   at System.Web.UI.Page.RaisePostBackEvent(NameValueCollection postData)
   at System.Web.UI.Page.ProcessRequestMain(Boolean includeStagesBeforeAsyncPoint, Boolean includeStagesAfterAsyncPoint)
Exception Type: System.Web.HttpUnhandledException
Exception: Exception of type 'System.Web.HttpUnhandledException' was thrown.
Source: DefaultPage
Stack Trace: 
   at System.Web.UI.Page.HandleError(Exception e)
   at System.Web.UI.Page.ProcessRequestMain(Boolean includeStagesBeforeAsyncPoint, Boolean includeStagesAfterAsyncPoint)
   at System.Web.UI.Page.ProcessRequest(Boolean includeStagesBeforeAsyncPoint, Boolean includeStagesAfterAsyncPoint)
   at System.Web.UI.Page.ProcessRequest()
   at System.Web.UI.Page.ProcessRequestWithNoAssert(HttpContext context)
   at System.Web.UI.Page.ProcessRequest(HttpContext context)
   at ASP.nsurveyadmin_takesurvey_aspx.ProcessRequest(HttpContext context) in c:\Users\viettq\AppData\Local\Temp\Temporary ASP.NET Files\vs\8aed6fa8\d519847a\App_Web_s4atipvu.6.cs:line 0
   at System.Web.HttpApplication.CallHandlerExecutionStep.System.Web.HttpApplication.IExecutionStep.Execute()
   at System.Web.HttpApplication.ExecuteStep(IExecutionStep step, Boolean& completedSynchronously)

********** 3/25/2016 2:11:47 PM **********
Inner Exception Type: System.NullReferenceException
Inner Exception: Object reference not set to an instance of an object.
Inner Source: Votations.NSurvey.WebControls
Inner Stack Trace: 
   at Votations.NSurvey.Security.ADGroupSecurityAddIn.ProcessVoterData(VoterAnswersData voter) in D:\Work\Projects\surveyproject\Reflector\Nsurvey_WebControls\Votations.NSurvey.Security\ADGroupSecurityAddIn.cs:line 128
   at Votations.NSurvey.WebControls.SurveyBox.UnLoadSecurityAddIns(VoterAnswersData voterData) in D:\Work\Projects\surveyproject\Reflector\Nsurvey_WebControls\Votations.NSurvey.WebControls\SurveyBox.cs:line 1557
   at Votations.NSurvey.WebControls.SurveyBox.SubmitAnswersToDb() in D:\Work\Projects\surveyproject\Reflector\Nsurvey_WebControls\Votations.NSurvey.WebControls\SurveyBox.cs:line 1530
   at Votations.NSurvey.WebControls.SurveyBox.OnAnswersSubmit(Object sender, EventArgs e) in D:\Work\Projects\surveyproject\Reflector\Nsurvey_WebControls\Votations.NSurvey.WebControls\SurveyBox.cs:line 860
   at System.Web.UI.WebControls.Button.OnClick(EventArgs e)
   at System.Web.UI.WebControls.Button.RaisePostBackEvent(String eventArgument)
   at System.Web.UI.WebControls.Button.System.Web.UI.IPostBackEventHandler.RaisePostBackEvent(String eventArgument)
   at System.Web.UI.Page.RaisePostBackEvent(IPostBackEventHandler sourceControl, String eventArgument)
   at System.Web.UI.Page.RaisePostBackEvent(NameValueCollection postData)
   at System.Web.UI.Page.ProcessRequestMain(Boolean includeStagesBeforeAsyncPoint, Boolean includeStagesAfterAsyncPoint)
Exception Type: System.Web.HttpUnhandledException
Exception: Exception of type 'System.Web.HttpUnhandledException' was thrown.
Source: DefaultPage
Stack Trace: 
   at System.Web.UI.Page.HandleError(Exception e)
   at System.Web.UI.Page.ProcessRequestMain(Boolean includeStagesBeforeAsyncPoint, Boolean includeStagesAfterAsyncPoint)
   at System.Web.UI.Page.ProcessRequest(Boolean includeStagesBeforeAsyncPoint, Boolean includeStagesAfterAsyncPoint)
   at System.Web.UI.Page.ProcessRequest()
   at System.Web.UI.Page.ProcessRequestWithNoAssert(HttpContext context)
   at System.Web.UI.Page.ProcessRequest(HttpContext context)
   at ASP.nsurveyadmin_takesurvey_aspx.ProcessRequest(HttpContext context) in c:\Users\viettq\AppData\Local\Temp\Temporary ASP.NET Files\vs\8aed6fa8\d519847a\App_Web_rabajrgi.0.cs:line 0
   at System.Web.HttpApplication.CallHandlerExecutionStep.System.Web.HttpApplication.IExecutionStep.Execute()
   at System.Web.HttpApplication.ExecuteStep(IExecutionStep step, Boolean& completedSynchronously)

********** 3/25/2016 2:13:38 PM **********
Inner Exception Type: System.NullReferenceException
Inner Exception: Object reference not set to an instance of an object.
Inner Source: Votations.NSurvey.WebControls
Inner Stack Trace: 
   at Votations.NSurvey.Security.ADGroupSecurityAddIn.ProcessVoterData(VoterAnswersData voter) in D:\Work\Projects\surveyproject\Reflector\Nsurvey_WebControls\Votations.NSurvey.Security\ADGroupSecurityAddIn.cs:line 128
   at Votations.NSurvey.WebControls.SurveyBox.UnLoadSecurityAddIns(VoterAnswersData voterData) in D:\Work\Projects\surveyproject\Reflector\Nsurvey_WebControls\Votations.NSurvey.WebControls\SurveyBox.cs:line 1557
   at Votations.NSurvey.WebControls.SurveyBox.SubmitAnswersToDb() in D:\Work\Projects\surveyproject\Reflector\Nsurvey_WebControls\Votations.NSurvey.WebControls\SurveyBox.cs:line 1530
   at Votations.NSurvey.WebControls.SurveyBox.OnAnswersSubmit(Object sender, EventArgs e) in D:\Work\Projects\surveyproject\Reflector\Nsurvey_WebControls\Votations.NSurvey.WebControls\SurveyBox.cs:line 860
   at System.Web.UI.WebControls.Button.OnClick(EventArgs e)
   at System.Web.UI.WebControls.Button.RaisePostBackEvent(String eventArgument)
   at System.Web.UI.WebControls.Button.System.Web.UI.IPostBackEventHandler.RaisePostBackEvent(String eventArgument)
   at System.Web.UI.Page.RaisePostBackEvent(IPostBackEventHandler sourceControl, String eventArgument)
   at System.Web.UI.Page.RaisePostBackEvent(NameValueCollection postData)
   at System.Web.UI.Page.ProcessRequestMain(Boolean includeStagesBeforeAsyncPoint, Boolean includeStagesAfterAsyncPoint)
Exception Type: System.Web.HttpUnhandledException
Exception: Exception of type 'System.Web.HttpUnhandledException' was thrown.
Source: DefaultPage
Stack Trace: 
   at System.Web.UI.Page.HandleError(Exception e)
   at System.Web.UI.Page.ProcessRequestMain(Boolean includeStagesBeforeAsyncPoint, Boolean includeStagesAfterAsyncPoint)
   at System.Web.UI.Page.ProcessRequest(Boolean includeStagesBeforeAsyncPoint, Boolean includeStagesAfterAsyncPoint)
   at System.Web.UI.Page.ProcessRequest()
   at System.Web.UI.Page.ProcessRequestWithNoAssert(HttpContext context)
   at System.Web.UI.Page.ProcessRequest(HttpContext context)
   at ASP.nsurveyadmin_takesurvey_aspx.ProcessRequest(HttpContext context) in c:\Users\viettq\AppData\Local\Temp\Temporary ASP.NET Files\vs\8aed6fa8\d519847a\App_Web_rabajrgi.0.cs:line 0
   at System.Web.HttpApplication.CallHandlerExecutionStep.System.Web.HttpApplication.IExecutionStep.Execute()
   at System.Web.HttpApplication.ExecuteStep(IExecutionStep step, Boolean& completedSynchronously)

********** 3/25/2016 2:45:21 PM **********
Inner Exception Type: System.Web.HttpException
Inner Exception: DataBinding: 'System.Data.DataRowView' does not contain a property with the name 'VoterID'.
Inner Source: System.Web
Inner Stack Trace: 
   at System.Web.UI.DataBinder.GetPropertyValue(Object container, String propName)
   at System.Web.UI.WebControls.DataGrid.CreateControlHierarchy(Boolean useDataSource)
   at System.Web.UI.WebControls.BaseDataList.OnDataBinding(EventArgs e)
   at System.Web.UI.WebControls.BaseDataList.DataBind()
   at Votations.NSurvey.WebAdmin.VNPTGroupReport.BindData(Int32 groupId) in D:\Work\Projects\surveyproject\SurveyWAP\NSurveyAdmin\VNPTGroupReport.aspx.cs:line 110
   at Votations.NSurvey.WebAdmin.VNPTGroupReport.Page_Load(Object sender, EventArgs e) in D:\Work\Projects\surveyproject\SurveyWAP\NSurveyAdmin\VNPTGroupReport.aspx.cs:line 65
   at System.Web.UI.Control.OnLoad(EventArgs e)
   at System.Web.UI.Control.LoadRecursive()
   at System.Web.UI.Page.ProcessRequestMain(Boolean includeStagesBeforeAsyncPoint, Boolean includeStagesAfterAsyncPoint)
Exception Type: System.Web.HttpUnhandledException
Exception: Exception of type 'System.Web.HttpUnhandledException' was thrown.
Source: DefaultPage
Stack Trace: 
   at System.Web.UI.Page.HandleError(Exception e)
   at System.Web.UI.Page.ProcessRequestMain(Boolean includeStagesBeforeAsyncPoint, Boolean includeStagesAfterAsyncPoint)
   at System.Web.UI.Page.ProcessRequest(Boolean includeStagesBeforeAsyncPoint, Boolean includeStagesAfterAsyncPoint)
   at System.Web.UI.Page.ProcessRequest()
   at System.Web.UI.Page.ProcessRequestWithNoAssert(HttpContext context)
   at System.Web.UI.Page.ProcessRequest(HttpContext context)
   at ASP.nsurveyadmin_vnptgroupreport_aspx.ProcessRequest(HttpContext context) in c:\Users\viettq\AppData\Local\Temp\Temporary ASP.NET Files\vs\8aed6fa8\d519847a\App_Web_md5gtopd.0.cs:line 0
   at System.Web.HttpApplication.CallHandlerExecutionStep.System.Web.HttpApplication.IExecutionStep.Execute()
   at System.Web.HttpApplication.ExecuteStep(IExecutionStep step, Boolean& completedSynchronously)

********** 3/25/2016 2:48:11 PM **********
Inner Exception Type: System.ArgumentException
Inner Exception: Column 'TotalRecords' does not belong to table Table.
Inner Source: System.Data
Inner Stack Trace: 
   at System.Data.DataRow.GetDataColumn(String columnName)
   at System.Data.DataRow.get_Item(String columnName)
   at Votations.NSurvey.WebAdmin.VNPTGroupReport.BindData(Int32 groupId) in D:\Work\Projects\surveyproject\SurveyWAP\NSurveyAdmin\VNPTGroupReport.aspx.cs:line 114
   at Votations.NSurvey.WebAdmin.VNPTGroupReport.Page_Load(Object sender, EventArgs e) in D:\Work\Projects\surveyproject\SurveyWAP\NSurveyAdmin\VNPTGroupReport.aspx.cs:line 65
   at System.Web.UI.Control.OnLoad(EventArgs e)
   at System.Web.UI.Control.LoadRecursive()
   at System.Web.UI.Page.ProcessRequestMain(Boolean includeStagesBeforeAsyncPoint, Boolean includeStagesAfterAsyncPoint)
Exception Type: System.Web.HttpUnhandledException
Exception: Exception of type 'System.Web.HttpUnhandledException' was thrown.
Source: DefaultPage
Stack Trace: 
   at System.Web.UI.Page.HandleError(Exception e)
   at System.Web.UI.Page.ProcessRequestMain(Boolean includeStagesBeforeAsyncPoint, Boolean includeStagesAfterAsyncPoint)
   at System.Web.UI.Page.ProcessRequest(Boolean includeStagesBeforeAsyncPoint, Boolean includeStagesAfterAsyncPoint)
   at System.Web.UI.Page.ProcessRequest()
   at System.Web.UI.Page.ProcessRequestWithNoAssert(HttpContext context)
   at System.Web.UI.Page.ProcessRequest(HttpContext context)
   at ASP.nsurveyadmin_vnptgroupreport_aspx.ProcessRequest(HttpContext context) in c:\Users\viettq\AppData\Local\Temp\Temporary ASP.NET Files\vs\8aed6fa8\d519847a\App_Web_vdiocwqx.5.cs:line 0
   at System.Web.HttpApplication.CallHandlerExecutionStep.System.Web.HttpApplication.IExecutionStep.Execute()
   at System.Web.HttpApplication.ExecuteStep(IExecutionStep step, Boolean& completedSynchronously)

********** 3/25/2016 3:01:48 PM **********
Inner Exception Type: System.Web.HttpException
Inner Exception: DataBinding: 'System.Data.DataRowView' does not contain a property with the name 'VoterID'.
Inner Source: System.Web
Inner Stack Trace: 
   at System.Web.UI.DataBinder.GetPropertyValue(Object container, String propName)
   at System.Web.UI.WebControls.DataGrid.CreateControlHierarchy(Boolean useDataSource)
   at System.Web.UI.WebControls.BaseDataList.OnDataBinding(EventArgs e)
   at System.Web.UI.WebControls.BaseDataList.DataBind()
   at Votations.NSurvey.WebAdmin.VNPTItemReport.BindData() in D:\Work\Projects\surveyproject\SurveyWAP\NSurveyAdmin\VNPTItemReport.aspx.cs:line 110
   at Votations.NSurvey.WebAdmin.VNPTItemReport.Page_Load(Object sender, EventArgs e) in D:\Work\Projects\surveyproject\SurveyWAP\NSurveyAdmin\VNPTItemReport.aspx.cs:line 65
   at System.Web.UI.Control.OnLoad(EventArgs e)
   at System.Web.UI.Control.LoadRecursive()
   at System.Web.UI.Page.ProcessRequestMain(Boolean includeStagesBeforeAsyncPoint, Boolean includeStagesAfterAsyncPoint)
Exception Type: System.Web.HttpUnhandledException
Exception: Exception of type 'System.Web.HttpUnhandledException' was thrown.
Source: DefaultPage
Stack Trace: 
   at System.Web.UI.Page.HandleError(Exception e)
   at System.Web.UI.Page.ProcessRequestMain(Boolean includeStagesBeforeAsyncPoint, Boolean includeStagesAfterAsyncPoint)
   at System.Web.UI.Page.ProcessRequest(Boolean includeStagesBeforeAsyncPoint, Boolean includeStagesAfterAsyncPoint)
   at System.Web.UI.Page.ProcessRequest()
   at System.Web.UI.Page.ProcessRequestWithNoAssert(HttpContext context)
   at System.Web.UI.Page.ProcessRequest(HttpContext context)
   at ASP.nsurveyadmin_vnptitemreport_aspx.ProcessRequest(HttpContext context) in c:\Users\viettq\AppData\Local\Temp\Temporary ASP.NET Files\vs\8aed6fa8\d519847a\App_Web_w1iaa23l.13.cs:line 0
   at System.Web.HttpApplication.CallHandlerExecutionStep.System.Web.HttpApplication.IExecutionStep.Execute()
   at System.Web.HttpApplication.ExecuteStep(IExecutionStep step, Boolean& completedSynchronously)

********** 3/25/2016 3:05:49 PM **********
Inner Exception Type: Votations.NSurvey.VoterNotFoundException
Inner Exception: Voter not found in the database!
Inner Source: Votations.NSurvey.BLL
Inner Stack Trace: 
   at Votations.NSurvey.DataAccess.Voters.GetVoterAnswers(Int32 voterId) in D:\Work\Projects\surveyproject\Reflector\Nsurvey_BLL\Votations.NSurvey.DataAccess\Voters.cs:line 109
   at Votations.NSurvey.WebAdmin.VoterReport.BindData() in D:\Work\Projects\surveyproject\SurveyWAP\NSurveyAdmin\VoterReport.aspx.cs:line 134
   at Votations.NSurvey.WebAdmin.VoterReport.Page_Load(Object sender, EventArgs e) in D:\Work\Projects\surveyproject\SurveyWAP\NSurveyAdmin\VoterReport.aspx.cs:line 100
   at System.Web.UI.Control.OnLoad(EventArgs e)
   at System.Web.UI.Control.LoadRecursive()
   at System.Web.UI.Page.ProcessRequestMain(Boolean includeStagesBeforeAsyncPoint, Boolean includeStagesAfterAsyncPoint)
Exception Type: System.Web.HttpUnhandledException
Exception: Exception of type 'System.Web.HttpUnhandledException' was thrown.
Source: DefaultPage
Stack Trace: 
   at System.Web.UI.Page.HandleError(Exception e)
   at System.Web.UI.Page.ProcessRequestMain(Boolean includeStagesBeforeAsyncPoint, Boolean includeStagesAfterAsyncPoint)
   at System.Web.UI.Page.ProcessRequest(Boolean includeStagesBeforeAsyncPoint, Boolean includeStagesAfterAsyncPoint)
   at System.Web.UI.Page.ProcessRequest()
   at System.Web.UI.Page.ProcessRequestWithNoAssert(HttpContext context)
   at System.Web.UI.Page.ProcessRequest(HttpContext context)
   at ASP.nsurveyadmin_voterreport_aspx.ProcessRequest(HttpContext context) in c:\Users\viettq\AppData\Local\Temp\Temporary ASP.NET Files\vs\8aed6fa8\d519847a\App_Web_geghjci5.3.cs:line 0
   at System.Web.HttpApplication.CallHandlerExecutionStep.System.Web.HttpApplication.IExecutionStep.Execute()
   at System.Web.HttpApplication.ExecuteStep(IExecutionStep step, Boolean& completedSynchronously)

********** 4/6/2016 11:17:36 AM **********
Inner Exception Type: System.Web.HttpException
Inner Exception: DataBinding: 'System.Data.DataRowView' does not contain a property with the name 'CreationDate'.
Inner Source: System.Web
Inner Stack Trace: 
   at System.Web.UI.DataBinder.GetPropertyValue(Object container, String propName)
   at System.Web.UI.DataBinder.Eval(Object container, String[] expressionParts)
   at System.Web.UI.DataBinder.Eval(Object container, String expression)
   at System.Web.UI.DataBinder.Eval(Object container, String expression, String format)
   at System.Web.UI.TemplateControl.Eval(String expression, String format)
   at ASP.nsurveyadmin_surveyadgroupsecurity_aspx.__DataBinding__control22(Object sender, EventArgs e) in d:\Work\Projects\surveyproject\SurveyWAP\NSurveyAdmin\SurveyADGroupSecurity.aspx:line 58
   at System.Web.UI.Control.OnDataBinding(EventArgs e)
   at System.Web.UI.Control.DataBind(Boolean raiseOnDataBinding)
   at System.Web.UI.Control.DataBind()
   at System.Web.UI.Control.DataBindChildren()
   at System.Web.UI.Control.DataBind(Boolean raiseOnDataBinding)
   at System.Web.UI.Control.DataBind()
   at System.Web.UI.WebControls.ListView.CreateItemsInGroups(ListViewPagedDataSource dataSource, Boolean dataBinding, InsertItemPosition insertPosition, ArrayList keyArray)
   at System.Web.UI.WebControls.ListView.CreateChildControls(IEnumerable dataSource, Boolean dataBinding)
   at System.Web.UI.WebControls.ListView.PerformDataBinding(IEnumerable data)
   at System.Web.UI.WebControls.DataBoundControl.OnDataSourceViewSelectCallback(IEnumerable data)
   at System.Web.UI.DataSourceView.Select(DataSourceSelectArguments arguments, DataSourceViewSelectCallback callback)
   at System.Web.UI.WebControls.DataBoundControl.PerformSelect()
   at System.Web.UI.WebControls.ListView.PerformSelect()
   at System.Web.UI.WebControls.BaseDataBoundControl.DataBind()
   at Votations.NSurvey.WebAdmin.NSurveyAdmin.SurveyADGroupSecurity.BindFields() in D:\Work\Projects\surveyproject\SurveyWAP\NSurveyAdmin\SurveyADGroupSecurity.aspx.cs:line 48
   at Votations.NSurvey.WebAdmin.NSurveyAdmin.SurveyADGroupSecurity.Page_Load(Object sender, EventArgs e) in D:\Work\Projects\surveyproject\SurveyWAP\NSurveyAdmin\SurveyADGroupSecurity.aspx.cs:line 24
   at System.Web.Util.CalliEventHandlerDelegateProxy.Callback(Object sender, EventArgs e)
   at System.Web.UI.Control.OnLoad(EventArgs e)
   at System.Web.UI.Control.LoadRecursive()
   at System.Web.UI.Page.ProcessRequestMain(Boolean includeStagesBeforeAsyncPoint, Boolean includeStagesAfterAsyncPoint)
Exception Type: System.Web.HttpUnhandledException
Exception: Exception of type 'System.Web.HttpUnhandledException' was thrown.
Source: DefaultPage
Stack Trace: 
   at System.Web.UI.Page.HandleError(Exception e)
   at System.Web.UI.Page.ProcessRequestMain(Boolean includeStagesBeforeAsyncPoint, Boolean includeStagesAfterAsyncPoint)
   at System.Web.UI.Page.ProcessRequest(Boolean includeStagesBeforeAsyncPoint, Boolean includeStagesAfterAsyncPoint)
   at System.Web.UI.Page.ProcessRequest()
   at System.Web.UI.Page.ProcessRequestWithNoAssert(HttpContext context)
   at System.Web.UI.Page.ProcessRequest(HttpContext context)
   at ASP.nsurveyadmin_surveyadgroupsecurity_aspx.ProcessRequest(HttpContext context) in c:\Users\viettq\AppData\Local\Temp\Temporary ASP.NET Files\vs\8aed6fa8\d519847a\App_Web_kxvsbdxv.0.cs:line 0
   at System.Web.HttpApplication.CallHandlerExecutionStep.System.Web.HttpApplication.IExecutionStep.Execute()
   at System.Web.HttpApplication.ExecuteStep(IExecutionStep step, Boolean& completedSynchronously)

********** 4/6/2016 11:18:19 AM **********
Inner Exception Type: System.Web.HttpException
Inner Exception: DataBinding: 'System.Data.DataRowView' does not contain a property with the name 'CreationDate'.
Inner Source: System.Web
Inner Stack Trace: 
   at System.Web.UI.DataBinder.GetPropertyValue(Object container, String propName)
   at System.Web.UI.DataBinder.Eval(Object container, String[] expressionParts)
   at System.Web.UI.DataBinder.Eval(Object container, String expression)
   at System.Web.UI.DataBinder.Eval(Object container, String expression, String format)
   at System.Web.UI.TemplateControl.Eval(String expression, String format)
   at ASP.nsurveyadmin_surveyadgroupsecurity_aspx.__DataBinding__control22(Object sender, EventArgs e) in d:\Work\Projects\surveyproject\SurveyWAP\NSurveyAdmin\SurveyADGroupSecurity.aspx:line 58
   at System.Web.UI.Control.OnDataBinding(EventArgs e)
   at System.Web.UI.Control.DataBind(Boolean raiseOnDataBinding)
   at System.Web.UI.Control.DataBind()
   at System.Web.UI.Control.DataBindChildren()
   at System.Web.UI.Control.DataBind(Boolean raiseOnDataBinding)
   at System.Web.UI.Control.DataBind()
   at System.Web.UI.WebControls.ListView.CreateItemsInGroups(ListViewPagedDataSource dataSource, Boolean dataBinding, InsertItemPosition insertPosition, ArrayList keyArray)
   at System.Web.UI.WebControls.ListView.CreateChildControls(IEnumerable dataSource, Boolean dataBinding)
   at System.Web.UI.WebControls.ListView.PerformDataBinding(IEnumerable data)
   at System.Web.UI.WebControls.DataBoundControl.OnDataSourceViewSelectCallback(IEnumerable data)
   at System.Web.UI.DataSourceView.Select(DataSourceSelectArguments arguments, DataSourceViewSelectCallback callback)
   at System.Web.UI.WebControls.DataBoundControl.PerformSelect()
   at System.Web.UI.WebControls.ListView.PerformSelect()
   at System.Web.UI.WebControls.BaseDataBoundControl.DataBind()
   at Votations.NSurvey.WebAdmin.NSurveyAdmin.SurveyADGroupSecurity.BindFields() in D:\Work\Projects\surveyproject\SurveyWAP\NSurveyAdmin\SurveyADGroupSecurity.aspx.cs:line 48
   at Votations.NSurvey.WebAdmin.NSurveyAdmin.SurveyADGroupSecurity.Page_Load(Object sender, EventArgs e) in D:\Work\Projects\surveyproject\SurveyWAP\NSurveyAdmin\SurveyADGroupSecurity.aspx.cs:line 24
   at System.Web.Util.CalliEventHandlerDelegateProxy.Callback(Object sender, EventArgs e)
   at System.Web.UI.Control.OnLoad(EventArgs e)
   at System.Web.UI.Control.LoadRecursive()
   at System.Web.UI.Page.ProcessRequestMain(Boolean includeStagesBeforeAsyncPoint, Boolean includeStagesAfterAsyncPoint)
Exception Type: System.Web.HttpUnhandledException
Exception: Exception of type 'System.Web.HttpUnhandledException' was thrown.
Source: DefaultPage
Stack Trace: 
   at System.Web.UI.Page.HandleError(Exception e)
   at System.Web.UI.Page.ProcessRequestMain(Boolean includeStagesBeforeAsyncPoint, Boolean includeStagesAfterAsyncPoint)
   at System.Web.UI.Page.ProcessRequest(Boolean includeStagesBeforeAsyncPoint, Boolean includeStagesAfterAsyncPoint)
   at System.Web.UI.Page.ProcessRequest()
   at System.Web.UI.Page.ProcessRequestWithNoAssert(HttpContext context)
   at System.Web.UI.Page.ProcessRequest(HttpContext context)
   at ASP.nsurveyadmin_surveyadgroupsecurity_aspx.ProcessRequest(HttpContext context) in c:\Users\viettq\AppData\Local\Temp\Temporary ASP.NET Files\vs\8aed6fa8\d519847a\App_Web_kxvsbdxv.0.cs:line 0
   at System.Web.HttpApplication.CallHandlerExecutionStep.System.Web.HttpApplication.IExecutionStep.Execute()
   at System.Web.HttpApplication.ExecuteStep(IExecutionStep step, Boolean& completedSynchronously)

********** 4/6/2016 11:19:20 AM **********
Inner Exception Type: System.Web.HttpException
Inner Exception: DataBinding: 'System.Data.DataRowView' does not contain a property with the name 'Used'.
Inner Source: System.Web
Inner Stack Trace: 
   at System.Web.UI.DataBinder.GetPropertyValue(Object container, String propName)
   at System.Web.UI.DataBinder.Eval(Object container, String[] expressionParts)
   at System.Web.UI.DataBinder.Eval(Object container, String expression)
   at System.Web.UI.TemplateControl.Eval(String expression)
   at ASP.nsurveyadmin_surveyadgroupsecurity_aspx.__DataBinding__control26(Object sender, EventArgs e) in d:\Work\Projects\surveyproject\SurveyWAP\NSurveyAdmin\SurveyADGroupSecurity.aspx:line 66
   at System.Web.UI.Control.OnDataBinding(EventArgs e)
   at System.Web.UI.Control.DataBind(Boolean raiseOnDataBinding)
   at System.Web.UI.Control.DataBind()
   at System.Web.UI.Control.DataBindChildren()
   at System.Web.UI.Control.DataBind(Boolean raiseOnDataBinding)
   at System.Web.UI.Control.DataBind()
   at System.Web.UI.WebControls.ListView.CreateItemsInGroups(ListViewPagedDataSource dataSource, Boolean dataBinding, InsertItemPosition insertPosition, ArrayList keyArray)
   at System.Web.UI.WebControls.ListView.CreateChildControls(IEnumerable dataSource, Boolean dataBinding)
   at System.Web.UI.WebControls.ListView.PerformDataBinding(IEnumerable data)
   at System.Web.UI.WebControls.DataBoundControl.OnDataSourceViewSelectCallback(IEnumerable data)
   at System.Web.UI.DataSourceView.Select(DataSourceSelectArguments arguments, DataSourceViewSelectCallback callback)
   at System.Web.UI.WebControls.DataBoundControl.PerformSelect()
   at System.Web.UI.WebControls.ListView.PerformSelect()
   at System.Web.UI.WebControls.BaseDataBoundControl.DataBind()
   at Votations.NSurvey.WebAdmin.NSurveyAdmin.SurveyADGroupSecurity.BindFields() in D:\Work\Projects\surveyproject\SurveyWAP\NSurveyAdmin\SurveyADGroupSecurity.aspx.cs:line 48
   at Votations.NSurvey.WebAdmin.NSurveyAdmin.SurveyADGroupSecurity.Page_Load(Object sender, EventArgs e) in D:\Work\Projects\surveyproject\SurveyWAP\NSurveyAdmin\SurveyADGroupSecurity.aspx.cs:line 24
   at System.Web.Util.CalliEventHandlerDelegateProxy.Callback(Object sender, EventArgs e)
   at System.Web.UI.Control.OnLoad(EventArgs e)
   at System.Web.UI.Control.LoadRecursive()
   at System.Web.UI.Page.ProcessRequestMain(Boolean includeStagesBeforeAsyncPoint, Boolean includeStagesAfterAsyncPoint)
Exception Type: System.Web.HttpUnhandledException
Exception: Exception of type 'System.Web.HttpUnhandledException' was thrown.
Source: DefaultPage
Stack Trace: 
   at System.Web.UI.Page.HandleError(Exception e)
   at System.Web.UI.Page.ProcessRequestMain(Boolean includeStagesBeforeAsyncPoint, Boolean includeStagesAfterAsyncPoint)
   at System.Web.UI.Page.ProcessRequest(Boolean includeStagesBeforeAsyncPoint, Boolean includeStagesAfterAsyncPoint)
   at System.Web.UI.Page.ProcessRequest()
   at System.Web.UI.Page.ProcessRequestWithNoAssert(HttpContext context)
   at System.Web.UI.Page.ProcessRequest(HttpContext context)
   at ASP.nsurveyadmin_surveyadgroupsecurity_aspx.ProcessRequest(HttpContext context) in c:\Users\viettq\AppData\Local\Temp\Temporary ASP.NET Files\vs\8aed6fa8\d519847a\App_Web_nibnn21d.5.cs:line 0
   at System.Web.HttpApplication.CallHandlerExecutionStep.System.Web.HttpApplication.IExecutionStep.Execute()
   at System.Web.HttpApplication.ExecuteStep(IExecutionStep step, Boolean& completedSynchronously)

********** 4/6/2016 11:20:26 AM **********
Inner Exception Type: System.Web.HttpException
Inner Exception: Unable to find control with id 'txtNumTokens' that is associated with the Label 'lblGenerateCountPrompt'.
Inner Source: System.Web
Inner Stack Trace: 
   at System.Web.UI.WebControls.Label.AddAttributesToRender(HtmlTextWriter writer)
   at System.Web.UI.WebControls.WebControl.RenderBeginTag(HtmlTextWriter writer)
   at System.Web.UI.WebControls.WebControl.Render(HtmlTextWriter writer)
   at System.Web.UI.Control.RenderControlInternal(HtmlTextWriter writer, ControlAdapter adapter)
   at System.Web.UI.Control.RenderControl(HtmlTextWriter writer, ControlAdapter adapter)
   at System.Web.UI.Control.RenderControl(HtmlTextWriter writer)
   at System.Web.UI.Control.RenderChildrenInternal(HtmlTextWriter writer, ICollection children)
   at System.Web.UI.Control.RenderChildren(HtmlTextWriter writer)
   at System.Web.UI.Control.Render(HtmlTextWriter writer)
   at System.Web.UI.Control.RenderControlInternal(HtmlTextWriter writer, ControlAdapter adapter)
   at System.Web.UI.Control.RenderControl(HtmlTextWriter writer, ControlAdapter adapter)
   at System.Web.UI.Control.RenderControl(HtmlTextWriter writer)
   at ASP.nsurveyadmin_msterpagetabs_master.__RenderContentMasterTabs(HtmlTextWriter __w, Control parameterContainer) in d:\Work\Projects\surveyproject\SurveyWAP\NSurveyAdmin\MsterPageTabs.master:line 26
   at System.Web.UI.Control.RenderChildrenInternal(HtmlTextWriter writer, ICollection children)
   at System.Web.UI.Control.RenderChildren(HtmlTextWriter writer)
   at System.Web.UI.Control.Render(HtmlTextWriter writer)
   at System.Web.UI.Control.RenderControlInternal(HtmlTextWriter writer, ControlAdapter adapter)
   at System.Web.UI.Control.RenderControl(HtmlTextWriter writer, ControlAdapter adapter)
   at System.Web.UI.Control.RenderControl(HtmlTextWriter writer)
   at System.Web.UI.Control.RenderChildrenInternal(HtmlTextWriter writer, ICollection children)
   at System.Web.UI.HtmlControls.HtmlForm.RenderChildren(HtmlTextWriter writer)
   at System.Web.UI.HtmlControls.HtmlContainerControl.Render(HtmlTextWriter writer)
   at System.Web.UI.HtmlControls.HtmlForm.Render(HtmlTextWriter output)
   at System.Web.UI.Control.RenderControlInternal(HtmlTextWriter writer, ControlAdapter adapter)
   at System.Web.UI.Control.RenderControl(HtmlTextWriter writer, ControlAdapter adapter)
   at System.Web.UI.HtmlControls.HtmlForm.RenderControl(HtmlTextWriter writer)
   at System.Web.UI.Control.RenderChildrenInternal(HtmlTextWriter writer, ICollection children)
   at System.Web.UI.Control.RenderChildren(HtmlTextWriter writer)
   at System.Web.UI.Control.Render(HtmlTextWriter writer)
   at System.Web.UI.Control.RenderControlInternal(HtmlTextWriter writer, ControlAdapter adapter)
   at System.Web.UI.Control.RenderControl(HtmlTextWriter writer, ControlAdapter adapter)
   at System.Web.UI.Control.RenderControl(HtmlTextWriter writer)
   at System.Web.UI.Control.RenderChildrenInternal(HtmlTextWriter writer, ICollection children)
   at System.Web.UI.Control.RenderChildren(HtmlTextWriter writer)
   at System.Web.UI.Control.Render(HtmlTextWriter writer)
   at System.Web.UI.Control.RenderControlInternal(HtmlTextWriter writer, ControlAdapter adapter)
   at System.Web.UI.Control.RenderControl(HtmlTextWriter writer, ControlAdapter adapter)
   at System.Web.UI.Control.RenderControl(HtmlTextWriter writer)
   at System.Web.UI.Control.RenderChildrenInternal(HtmlTextWriter writer, ICollection children)
   at System.Web.UI.Control.RenderChildren(HtmlTextWriter writer)
   at System.Web.UI.Page.Render(HtmlTextWriter writer)
   at System.Web.UI.Control.RenderControlInternal(HtmlTextWriter writer, ControlAdapter adapter)
   at System.Web.UI.Control.RenderControl(HtmlTextWriter writer, ControlAdapter adapter)
   at System.Web.UI.Control.RenderControl(HtmlTextWriter writer)
   at System.Web.UI.Page.ProcessRequestMain(Boolean includeStagesBeforeAsyncPoint, Boolean includeStagesAfterAsyncPoint)
Exception Type: System.Web.HttpUnhandledException
Exception: Exception of type 'System.Web.HttpUnhandledException' was thrown.
Source: DefaultPage
Stack Trace: 
   at System.Web.UI.Page.HandleError(Exception e)
   at System.Web.UI.Page.ProcessRequestMain(Boolean includeStagesBeforeAsyncPoint, Boolean includeStagesAfterAsyncPoint)
   at System.Web.UI.Page.ProcessRequest(Boolean includeStagesBeforeAsyncPoint, Boolean includeStagesAfterAsyncPoint)
   at System.Web.UI.Page.ProcessRequest()
   at System.Web.UI.Page.ProcessRequestWithNoAssert(HttpContext context)
   at System.Web.UI.Page.ProcessRequest(HttpContext context)
   at ASP.nsurveyadmin_surveyadgroupsecurity_aspx.ProcessRequest(HttpContext context) in c:\Users\viettq\AppData\Local\Temp\Temporary ASP.NET Files\vs\8aed6fa8\d519847a\App_Web_zvpduc12.8.cs:line 0
   at System.Web.HttpApplication.CallHandlerExecutionStep.System.Web.HttpApplication.IExecutionStep.Execute()
   at System.Web.HttpApplication.ExecuteStep(IExecutionStep step, Boolean& completedSynchronously)

********** 4/6/2016 11:21:24 AM **********
Inner Exception Type: System.Web.HttpException
Inner Exception: Unable to find control with id 'txtNumTokens' that is associated with the Label 'lblGenerateCountPrompt'.
Inner Source: System.Web
Inner Stack Trace: 
   at System.Web.UI.WebControls.Label.AddAttributesToRender(HtmlTextWriter writer)
   at System.Web.UI.WebControls.WebControl.RenderBeginTag(HtmlTextWriter writer)
   at System.Web.UI.WebControls.WebControl.Render(HtmlTextWriter writer)
   at System.Web.UI.Control.RenderControlInternal(HtmlTextWriter writer, ControlAdapter adapter)
   at System.Web.UI.Control.RenderControl(HtmlTextWriter writer, ControlAdapter adapter)
   at System.Web.UI.Control.RenderControl(HtmlTextWriter writer)
   at System.Web.UI.Control.RenderChildrenInternal(HtmlTextWriter writer, ICollection children)
   at System.Web.UI.Control.RenderChildren(HtmlTextWriter writer)
   at System.Web.UI.Control.Render(HtmlTextWriter writer)
   at System.Web.UI.Control.RenderControlInternal(HtmlTextWriter writer, ControlAdapter adapter)
   at System.Web.UI.Control.RenderControl(HtmlTextWriter writer, ControlAdapter adapter)
   at System.Web.UI.Control.RenderControl(HtmlTextWriter writer)
   at ASP.nsurveyadmin_msterpagetabs_master.__RenderContentMasterTabs(HtmlTextWriter __w, Control parameterContainer) in d:\Work\Projects\surveyproject\SurveyWAP\NSurveyAdmin\MsterPageTabs.master:line 26
   at System.Web.UI.Control.RenderChildrenInternal(HtmlTextWriter writer, ICollection children)
   at System.Web.UI.Control.RenderChildren(HtmlTextWriter writer)
   at System.Web.UI.Control.Render(HtmlTextWriter writer)
   at System.Web.UI.Control.RenderControlInternal(HtmlTextWriter writer, ControlAdapter adapter)
   at System.Web.UI.Control.RenderControl(HtmlTextWriter writer, ControlAdapter adapter)
   at System.Web.UI.Control.RenderControl(HtmlTextWriter writer)
   at System.Web.UI.Control.RenderChildrenInternal(HtmlTextWriter writer, ICollection children)
   at System.Web.UI.HtmlControls.HtmlForm.RenderChildren(HtmlTextWriter writer)
   at System.Web.UI.HtmlControls.HtmlContainerControl.Render(HtmlTextWriter writer)
   at System.Web.UI.HtmlControls.HtmlForm.Render(HtmlTextWriter output)
   at System.Web.UI.Control.RenderControlInternal(HtmlTextWriter writer, ControlAdapter adapter)
   at System.Web.UI.Control.RenderControl(HtmlTextWriter writer, ControlAdapter adapter)
   at System.Web.UI.HtmlControls.HtmlForm.RenderControl(HtmlTextWriter writer)
   at System.Web.UI.Control.RenderChildrenInternal(HtmlTextWriter writer, ICollection children)
   at System.Web.UI.Control.RenderChildren(HtmlTextWriter writer)
   at System.Web.UI.Control.Render(HtmlTextWriter writer)
   at System.Web.UI.Control.RenderControlInternal(HtmlTextWriter writer, ControlAdapter adapter)
   at System.Web.UI.Control.RenderControl(HtmlTextWriter writer, ControlAdapter adapter)
   at System.Web.UI.Control.RenderControl(HtmlTextWriter writer)
   at System.Web.UI.Control.RenderChildrenInternal(HtmlTextWriter writer, ICollection children)
   at System.Web.UI.Control.RenderChildren(HtmlTextWriter writer)
   at System.Web.UI.Control.Render(HtmlTextWriter writer)
   at System.Web.UI.Control.RenderControlInternal(HtmlTextWriter writer, ControlAdapter adapter)
   at System.Web.UI.Control.RenderControl(HtmlTextWriter writer, ControlAdapter adapter)
   at System.Web.UI.Control.RenderControl(HtmlTextWriter writer)
   at System.Web.UI.Control.RenderChildrenInternal(HtmlTextWriter writer, ICollection children)
   at System.Web.UI.Control.RenderChildren(HtmlTextWriter writer)
   at System.Web.UI.Page.Render(HtmlTextWriter writer)
   at System.Web.UI.Control.RenderControlInternal(HtmlTextWriter writer, ControlAdapter adapter)
   at System.Web.UI.Control.RenderControl(HtmlTextWriter writer, ControlAdapter adapter)
   at System.Web.UI.Control.RenderControl(HtmlTextWriter writer)
   at System.Web.UI.Page.ProcessRequestMain(Boolean includeStagesBeforeAsyncPoint, Boolean includeStagesAfterAsyncPoint)
Exception Type: System.Web.HttpUnhandledException
Exception: Exception of type 'System.Web.HttpUnhandledException' was thrown.
Source: DefaultPage
Stack Trace: 
   at System.Web.UI.Page.HandleError(Exception e)
   at System.Web.UI.Page.ProcessRequestMain(Boolean includeStagesBeforeAsyncPoint, Boolean includeStagesAfterAsyncPoint)
   at System.Web.UI.Page.ProcessRequest(Boolean includeStagesBeforeAsyncPoint, Boolean includeStagesAfterAsyncPoint)
   at System.Web.UI.Page.ProcessRequest()
   at System.Web.UI.Page.ProcessRequestWithNoAssert(HttpContext context)
   at System.Web.UI.Page.ProcessRequest(HttpContext context)
   at ASP.nsurveyadmin_surveyadgroupsecurity_aspx.ProcessRequest(HttpContext context) in c:\Users\viettq\AppData\Local\Temp\Temporary ASP.NET Files\vs\8aed6fa8\d519847a\App_Web_prytcmjb.1.cs:line 0
   at System.Web.HttpApplication.CallHandlerExecutionStep.System.Web.HttpApplication.IExecutionStep.Execute()
   at System.Web.HttpApplication.ExecuteStep(IExecutionStep step, Boolean& completedSynchronously)

********** 4/6/2016 11:22:54 AM **********
Inner Exception Type: System.ArgumentNullException
Inner Exception: Value cannot be null.
Parameter name: source
Inner Source: System.Core
Inner Stack Trace: 
   at System.Linq.Enumerable.Count[TSource](IEnumerable`1 source)
   at Votations.NSurvey.WebAdmin.NSurveyAdmin.SurveyADGroupSecurity.btnAddADGroup_Click(Object sender, EventArgs e) in D:\Work\Projects\surveyproject\SurveyWAP\NSurveyAdmin\SurveyADGroupSecurity.aspx.cs:line 111
   at System.Web.UI.WebControls.Button.OnClick(EventArgs e)
   at System.Web.UI.WebControls.Button.RaisePostBackEvent(String eventArgument)
   at System.Web.UI.WebControls.Button.System.Web.UI.IPostBackEventHandler.RaisePostBackEvent(String eventArgument)
   at System.Web.UI.Page.RaisePostBackEvent(IPostBackEventHandler sourceControl, String eventArgument)
   at System.Web.UI.Page.RaisePostBackEvent(NameValueCollection postData)
   at System.Web.UI.Page.ProcessRequestMain(Boolean includeStagesBeforeAsyncPoint, Boolean includeStagesAfterAsyncPoint)
Exception Type: System.Web.HttpUnhandledException
Exception: Exception of type 'System.Web.HttpUnhandledException' was thrown.
Source: DefaultPage
Stack Trace: 
   at System.Web.UI.Page.HandleError(Exception e)
   at System.Web.UI.Page.ProcessRequestMain(Boolean includeStagesBeforeAsyncPoint, Boolean includeStagesAfterAsyncPoint)
   at System.Web.UI.Page.ProcessRequest(Boolean includeStagesBeforeAsyncPoint, Boolean includeStagesAfterAsyncPoint)
   at System.Web.UI.Page.ProcessRequest()
   at System.Web.UI.Page.ProcessRequestWithNoAssert(HttpContext context)
   at System.Web.UI.Page.ProcessRequest(HttpContext context)
   at ASP.nsurveyadmin_surveyadgroupsecurity_aspx.ProcessRequest(HttpContext context) in c:\Users\viettq\AppData\Local\Temp\Temporary ASP.NET Files\vs\8aed6fa8\d519847a\App_Web_3r52ahth.5.cs:line 0
   at System.Web.HttpApplication.CallHandlerExecutionStep.System.Web.HttpApplication.IExecutionStep.Execute()
   at System.Web.HttpApplication.ExecuteStep(IExecutionStep step, Boolean& completedSynchronously)

********** 4/11/2016 3:32:21 PM **********
Inner Exception Type: System.Web.HttpCompileException
Inner Exception: d:\Work\Projects\surveyproject\SurveyWAP\NSurveyAdmin\UserControls\UserImportExcel.ascx(17): error CS1061: 'ASP.nsurveyadmin_usercontrols_userimportexcel_ascx' does not contain a definition for 'ImportUsersButton_Click' and no extension method 'ImportUsersButton_Click' accepting a first argument of type 'ASP.nsurveyadmin_usercontrols_userimportexcel_ascx' could be found (are you missing a using directive or an assembly reference?)
Inner Source: System.Web
Inner Stack Trace: 
   at System.Web.Compilation.AssemblyBuilder.Compile()
   at System.Web.Compilation.BuildProvidersCompiler.PerformBuild()
   at System.Web.Compilation.BuildManager.CompileWebFile(VirtualPath virtualPath)
   at System.Web.Compilation.BuildManager.GetVPathBuildResultInternal(VirtualPath virtualPath, Boolean noBuild, Boolean allowCrossApp, Boolean allowBuildInPrecompile, Boolean throwIfNotFound, Boolean ensureIsUpToDate)
   at System.Web.Compilation.BuildManager.GetVPathBuildResultWithNoAssert(HttpContext context, VirtualPath virtualPath, Boolean noBuild, Boolean allowCrossApp, Boolean allowBuildInPrecompile, Boolean throwIfNotFound, Boolean ensureIsUpToDate)
   at System.Web.Compilation.BuildManager.GetVPathBuildResult(HttpContext context, VirtualPath virtualPath, Boolean noBuild, Boolean allowCrossApp, Boolean allowBuildInPrecompile, Boolean ensureIsUpToDate)
   at System.Web.UI.BaseTemplateParser.GetReferencedType(VirtualPath virtualPath, Boolean allowNoCompile)
   at System.Web.UI.BaseTemplateParser.GetUserControlType(VirtualPath virtualPath)
   at System.Web.UI.MainTagNameToTypeMapper.ProcessUserControlRegistration(UserControlRegisterEntry ucRegisterEntry)
   at System.Web.UI.BaseTemplateParser.ProcessDirective(String directiveName, IDictionary directive)
   at System.Web.UI.TemplateControlParser.ProcessDirective(String directiveName, IDictionary directive)
   at System.Web.UI.PageParser.ProcessDirective(String directiveName, IDictionary directive)
   at System.Web.UI.TemplateParser.ParseStringInternal(String text, Encoding fileEncoding)
Exception Type: System.Web.HttpParseException
Exception: d:\Work\Projects\surveyproject\SurveyWAP\NSurveyAdmin\UserControls\UserImportExcel.ascx(17): error CS1061: 'ASP.nsurveyadmin_usercontrols_userimportexcel_ascx' does not contain a definition for 'ImportUsersButton_Click' and no extension method 'ImportUsersButton_Click' accepting a first argument of type 'ASP.nsurveyadmin_usercontrols_userimportexcel_ascx' could be found (are you missing a using directive or an assembly reference?)
Source: DefaultPage
Stack Trace: 
   at System.Web.UI.TemplateParser.ProcessException(Exception ex)
   at System.Web.UI.TemplateParser.ParseStringInternal(String text, Encoding fileEncoding)
   at System.Web.UI.TemplateParser.ParseString(String text, VirtualPath virtualPath, Encoding fileEncoding)
   at System.Web.UI.TemplateParser.ParseFile(String physicalPath, VirtualPath virtualPath)
   at System.Web.UI.TemplateParser.ParseInternal()
   at System.Web.UI.TemplateParser.Parse()
   at System.Web.Compilation.BaseTemplateBuildProvider.get_CodeCompilerType()
   at System.Web.Compilation.BuildProvider.GetCompilerTypeFromBuildProvider(BuildProvider buildProvider)
   at System.Web.Compilation.BuildProvidersCompiler.ProcessBuildProviders()
   at System.Web.Compilation.BuildProvidersCompiler.PerformBuild()
   at System.Web.Compilation.BuildManager.CompileWebFile(VirtualPath virtualPath)
   at System.Web.Compilation.BuildManager.GetVPathBuildResultInternal(VirtualPath virtualPath, Boolean noBuild, Boolean allowCrossApp, Boolean allowBuildInPrecompile, Boolean throwIfNotFound, Boolean ensureIsUpToDate)
   at System.Web.Compilation.BuildManager.GetVPathBuildResultWithNoAssert(HttpContext context, VirtualPath virtualPath, Boolean noBuild, Boolean allowCrossApp, Boolean allowBuildInPrecompile, Boolean throwIfNotFound, Boolean ensureIsUpToDate)
   at System.Web.Compilation.BuildManager.GetVirtualPathObjectFactory(VirtualPath virtualPath, HttpContext context, Boolean allowCrossApp, Boolean throwIfNotFound)
   at System.Web.Compilation.BuildManager.CreateInstanceFromVirtualPath(VirtualPath virtualPath, Type requiredBaseType, HttpContext context, Boolean allowCrossApp)
   at System.Web.UI.PageHandlerFactory.GetHandlerHelper(HttpContext context, String requestType, VirtualPath virtualPath, String physicalPath)
   at System.Web.UI.PageHandlerFactory.GetHandler(HttpContext context, String requestType, String virtualPath, String path)
   at System.Web.HttpApplication.MaterializeHandlerExecutionStep.System.Web.HttpApplication.IExecutionStep.Execute()
   at System.Web.HttpApplication.ExecuteStep(IExecutionStep step, Boolean& completedSynchronously)

********** 4/11/2016 3:36:34 PM **********
Inner Exception Type: System.Web.HttpException
Inner Exception: Unable to find control with id 'ImportUsersTextBox' that is associated with the Label 'ImportUserLabel'.
Inner Source: System.Web
Inner Stack Trace: 
   at System.Web.UI.WebControls.Label.AddAttributesToRender(HtmlTextWriter writer)
   at System.Web.UI.WebControls.WebControl.RenderBeginTag(HtmlTextWriter writer)
   at System.Web.UI.WebControls.WebControl.Render(HtmlTextWriter writer)
   at System.Web.UI.Control.RenderControlInternal(HtmlTextWriter writer, ControlAdapter adapter)
   at System.Web.UI.Control.RenderControl(HtmlTextWriter writer, ControlAdapter adapter)
   at System.Web.UI.Control.RenderControl(HtmlTextWriter writer)
   at System.Web.UI.Control.RenderChildrenInternal(HtmlTextWriter writer, ICollection children)
   at System.Web.UI.Control.RenderChildren(HtmlTextWriter writer)
   at System.Web.UI.Control.Render(HtmlTextWriter writer)
   at System.Web.UI.Control.RenderControlInternal(HtmlTextWriter writer, ControlAdapter adapter)
   at System.Web.UI.Control.RenderControl(HtmlTextWriter writer, ControlAdapter adapter)
   at System.Web.UI.Control.RenderControl(HtmlTextWriter writer)
   at ASP.nsurveyadmin_usersmanager_aspx.__RenderContent1(HtmlTextWriter __w, Control parameterContainer) in d:\Work\Projects\surveyproject\SurveyWAP\NSurveyAdmin\UsersManager.aspx:line 52
   at System.Web.UI.Control.RenderChildrenInternal(HtmlTextWriter writer, ICollection children)
   at System.Web.UI.Control.RenderChildren(HtmlTextWriter writer)
   at System.Web.UI.Control.Render(HtmlTextWriter writer)
   at System.Web.UI.Control.RenderControlInternal(HtmlTextWriter writer, ControlAdapter adapter)
   at System.Web.UI.Control.RenderControl(HtmlTextWriter writer, ControlAdapter adapter)
   at System.Web.UI.Control.RenderControl(HtmlTextWriter writer)
   at System.Web.UI.Control.RenderChildrenInternal(HtmlTextWriter writer, ICollection children)
   at System.Web.UI.HtmlControls.HtmlForm.RenderChildren(HtmlTextWriter writer)
   at System.Web.UI.HtmlControls.HtmlContainerControl.Render(HtmlTextWriter writer)
   at System.Web.UI.HtmlControls.HtmlForm.Render(HtmlTextWriter output)
   at System.Web.UI.Control.RenderControlInternal(HtmlTextWriter writer, ControlAdapter adapter)
   at System.Web.UI.Control.RenderControl(HtmlTextWriter writer, ControlAdapter adapter)
   at System.Web.UI.HtmlControls.HtmlForm.RenderControl(HtmlTextWriter writer)
   at System.Web.UI.Control.RenderChildrenInternal(HtmlTextWriter writer, ICollection children)
   at System.Web.UI.Control.RenderChildren(HtmlTextWriter writer)
   at System.Web.UI.Control.Render(HtmlTextWriter writer)
   at System.Web.UI.Control.RenderControlInternal(HtmlTextWriter writer, ControlAdapter adapter)
   at System.Web.UI.Control.RenderControl(HtmlTextWriter writer, ControlAdapter adapter)
   at System.Web.UI.Control.RenderControl(HtmlTextWriter writer)
   at System.Web.UI.Control.RenderChildrenInternal(HtmlTextWriter writer, ICollection children)
   at System.Web.UI.Control.RenderChildren(HtmlTextWriter writer)
   at System.Web.UI.Page.Render(HtmlTextWriter writer)
   at System.Web.UI.Control.RenderControlInternal(HtmlTextWriter writer, ControlAdapter adapter)
   at System.Web.UI.Control.RenderControl(HtmlTextWriter writer, ControlAdapter adapter)
   at System.Web.UI.Control.RenderControl(HtmlTextWriter writer)
   at System.Web.UI.Page.ProcessRequestMain(Boolean includeStagesBeforeAsyncPoint, Boolean includeStagesAfterAsyncPoint)
Exception Type: System.Web.HttpUnhandledException
Exception: Exception of type 'System.Web.HttpUnhandledException' was thrown.
Source: DefaultPage
Stack Trace: 
   at System.Web.UI.Page.HandleError(Exception e)
   at System.Web.UI.Page.ProcessRequestMain(Boolean includeStagesBeforeAsyncPoint, Boolean includeStagesAfterAsyncPoint)
   at System.Web.UI.Page.ProcessRequest(Boolean includeStagesBeforeAsyncPoint, Boolean includeStagesAfterAsyncPoint)
   at System.Web.UI.Page.ProcessRequest()
   at System.Web.UI.Page.ProcessRequestWithNoAssert(HttpContext context)
   at System.Web.UI.Page.ProcessRequest(HttpContext context)
   at ASP.nsurveyadmin_usersmanager_aspx.ProcessRequest(HttpContext context) in c:\Users\viettq\AppData\Local\Temp\Temporary ASP.NET Files\vs\8aed6fa8\d519847a\App_Web_osqohwck.18.cs:line 0
   at System.Web.HttpApplication.CallHandlerExecutionStep.System.Web.HttpApplication.IExecutionStep.Execute()
   at System.Web.HttpApplication.ExecuteStep(IExecutionStep step, Boolean& completedSynchronously)

********** 4/12/2016 4:30:30 PM **********
Inner Exception Type: System.Web.HttpCompileException
Inner Exception: d:\Work\Projects\surveyproject\SurveyWAP\NSurveyAdmin\UserControls\GroupManager.ascx(59): error CS1061: 'ASP.nsurveyadmin_usercontrols_groupmanager_ascx' does not contain a definition for 'OnUserEdit' and no extension method 'OnUserEdit' accepting a first argument of type 'ASP.nsurveyadmin_usercontrols_groupmanager_ascx' could be found (are you missing a using directive or an assembly reference?)
Inner Source: System.Web
Inner Stack Trace: 
   at System.Web.Compilation.AssemblyBuilder.Compile()
   at System.Web.Compilation.BuildProvidersCompiler.PerformBuild()
   at System.Web.Compilation.BuildManager.CompileWebFile(VirtualPath virtualPath)
   at System.Web.Compilation.BuildManager.GetVPathBuildResultInternal(VirtualPath virtualPath, Boolean noBuild, Boolean allowCrossApp, Boolean allowBuildInPrecompile, Boolean throwIfNotFound, Boolean ensureIsUpToDate)
   at System.Web.Compilation.BuildManager.GetVPathBuildResultWithNoAssert(HttpContext context, VirtualPath virtualPath, Boolean noBuild, Boolean allowCrossApp, Boolean allowBuildInPrecompile, Boolean throwIfNotFound, Boolean ensureIsUpToDate)
   at System.Web.Compilation.BuildManager.GetVPathBuildResult(HttpContext context, VirtualPath virtualPath, Boolean noBuild, Boolean allowCrossApp, Boolean allowBuildInPrecompile, Boolean ensureIsUpToDate)
   at System.Web.UI.BaseTemplateParser.GetReferencedType(VirtualPath virtualPath, Boolean allowNoCompile)
   at System.Web.UI.BaseTemplateParser.GetUserControlType(VirtualPath virtualPath)
   at System.Web.UI.MainTagNameToTypeMapper.ProcessUserControlRegistration(UserControlRegisterEntry ucRegisterEntry)
   at System.Web.UI.BaseTemplateParser.ProcessDirective(String directiveName, IDictionary directive)
   at System.Web.UI.TemplateControlParser.ProcessDirective(String directiveName, IDictionary directive)
   at System.Web.UI.PageParser.ProcessDirective(String directiveName, IDictionary directive)
   at System.Web.UI.TemplateParser.ParseStringInternal(String text, Encoding fileEncoding)
Exception Type: System.Web.HttpParseException
Exception: d:\Work\Projects\surveyproject\SurveyWAP\NSurveyAdmin\UserControls\GroupManager.ascx(59): error CS1061: 'ASP.nsurveyadmin_usercontrols_groupmanager_ascx' does not contain a definition for 'OnUserEdit' and no extension method 'OnUserEdit' accepting a first argument of type 'ASP.nsurveyadmin_usercontrols_groupmanager_ascx' could be found (are you missing a using directive or an assembly reference?)
Source: DefaultPage
Stack Trace: 
   at System.Web.UI.TemplateParser.ProcessException(Exception ex)
   at System.Web.UI.TemplateParser.ParseStringInternal(String text, Encoding fileEncoding)
   at System.Web.UI.TemplateParser.ParseString(String text, VirtualPath virtualPath, Encoding fileEncoding)
   at System.Web.UI.TemplateParser.ParseFile(String physicalPath, VirtualPath virtualPath)
   at System.Web.UI.TemplateParser.ParseInternal()
   at System.Web.UI.TemplateParser.Parse()
   at System.Web.Compilation.BaseTemplateBuildProvider.get_CodeCompilerType()
   at System.Web.Compilation.BuildProvider.GetCompilerTypeFromBuildProvider(BuildProvider buildProvider)
   at System.Web.Compilation.BuildProvidersCompiler.ProcessBuildProviders()
   at System.Web.Compilation.BuildProvidersCompiler.PerformBuild()
   at System.Web.Compilation.BuildManager.CompileWebFile(VirtualPath virtualPath)
   at System.Web.Compilation.BuildManager.GetVPathBuildResultInternal(VirtualPath virtualPath, Boolean noBuild, Boolean allowCrossApp, Boolean allowBuildInPrecompile, Boolean throwIfNotFound, Boolean ensureIsUpToDate)
   at System.Web.Compilation.BuildManager.GetVPathBuildResultWithNoAssert(HttpContext context, VirtualPath virtualPath, Boolean noBuild, Boolean allowCrossApp, Boolean allowBuildInPrecompile, Boolean throwIfNotFound, Boolean ensureIsUpToDate)
   at System.Web.Compilation.BuildManager.GetVirtualPathObjectFactory(VirtualPath virtualPath, HttpContext context, Boolean allowCrossApp, Boolean throwIfNotFound)
   at System.Web.Compilation.BuildManager.CreateInstanceFromVirtualPath(VirtualPath virtualPath, Type requiredBaseType, HttpContext context, Boolean allowCrossApp)
   at System.Web.UI.PageHandlerFactory.GetHandlerHelper(HttpContext context, String requestType, VirtualPath virtualPath, String physicalPath)
   at System.Web.UI.PageHandlerFactory.GetHandler(HttpContext context, String requestType, String virtualPath, String path)
   at System.Web.HttpApplication.MaterializeHandlerExecutionStep.System.Web.HttpApplication.IExecutionStep.Execute()
   at System.Web.HttpApplication.ExecuteStep(IExecutionStep step, Boolean& completedSynchronously)

********** 4/12/2016 4:59:16 PM **********
Inner Exception Type: System.Web.HttpCompileException
Inner Exception: d:\Work\Projects\surveyproject\SurveyWAP\NSurveyAdmin\UserControls\GroupManager.ascx(59): error CS1061: 'ASP.nsurveyadmin_usercontrols_groupmanager_ascx' does not contain a definition for 'OnUserEdit' and no extension method 'OnUserEdit' accepting a first argument of type 'ASP.nsurveyadmin_usercontrols_groupmanager_ascx' could be found (are you missing a using directive or an assembly reference?)
Inner Source: System.Web
Inner Stack Trace: 
   at System.Web.Compilation.AssemblyBuilder.Compile()
   at System.Web.Compilation.BuildProvidersCompiler.PerformBuild()
   at System.Web.Compilation.BuildManager.CompileWebFile(VirtualPath virtualPath)
   at System.Web.Compilation.BuildManager.GetVPathBuildResultInternal(VirtualPath virtualPath, Boolean noBuild, Boolean allowCrossApp, Boolean allowBuildInPrecompile, Boolean throwIfNotFound, Boolean ensureIsUpToDate)
   at System.Web.Compilation.BuildManager.GetVPathBuildResultWithNoAssert(HttpContext context, VirtualPath virtualPath, Boolean noBuild, Boolean allowCrossApp, Boolean allowBuildInPrecompile, Boolean throwIfNotFound, Boolean ensureIsUpToDate)
   at System.Web.Compilation.BuildManager.GetVPathBuildResult(HttpContext context, VirtualPath virtualPath, Boolean noBuild, Boolean allowCrossApp, Boolean allowBuildInPrecompile, Boolean ensureIsUpToDate)
   at System.Web.UI.BaseTemplateParser.GetReferencedType(VirtualPath virtualPath, Boolean allowNoCompile)
   at System.Web.UI.BaseTemplateParser.GetUserControlType(VirtualPath virtualPath)
   at System.Web.UI.MainTagNameToTypeMapper.ProcessUserControlRegistration(UserControlRegisterEntry ucRegisterEntry)
   at System.Web.UI.BaseTemplateParser.ProcessDirective(String directiveName, IDictionary directive)
   at System.Web.UI.TemplateControlParser.ProcessDirective(String directiveName, IDictionary directive)
   at System.Web.UI.PageParser.ProcessDirective(String directiveName, IDictionary directive)
   at System.Web.UI.TemplateParser.ParseStringInternal(String text, Encoding fileEncoding)
Exception Type: System.Web.HttpParseException
Exception: d:\Work\Projects\surveyproject\SurveyWAP\NSurveyAdmin\UserControls\GroupManager.ascx(59): error CS1061: 'ASP.nsurveyadmin_usercontrols_groupmanager_ascx' does not contain a definition for 'OnUserEdit' and no extension method 'OnUserEdit' accepting a first argument of type 'ASP.nsurveyadmin_usercontrols_groupmanager_ascx' could be found (are you missing a using directive or an assembly reference?)
Source: DefaultPage
Stack Trace: 
   at System.Web.UI.TemplateParser.ProcessException(Exception ex)
   at System.Web.UI.TemplateParser.ParseStringInternal(String text, Encoding fileEncoding)
   at System.Web.UI.TemplateParser.ParseString(String text, VirtualPath virtualPath, Encoding fileEncoding)
   at System.Web.UI.TemplateParser.ParseFile(String physicalPath, VirtualPath virtualPath)
   at System.Web.UI.TemplateParser.ParseInternal()
   at System.Web.UI.TemplateParser.Parse()
   at System.Web.Compilation.BaseTemplateBuildProvider.get_CodeCompilerType()
   at System.Web.Compilation.BuildProvider.GetCompilerTypeFromBuildProvider(BuildProvider buildProvider)
   at System.Web.Compilation.BuildProvidersCompiler.ProcessBuildProviders()
   at System.Web.Compilation.BuildProvidersCompiler.PerformBuild()
   at System.Web.Compilation.BuildManager.CompileWebFile(VirtualPath virtualPath)
   at System.Web.Compilation.BuildManager.GetVPathBuildResultInternal(VirtualPath virtualPath, Boolean noBuild, Boolean allowCrossApp, Boolean allowBuildInPrecompile, Boolean throwIfNotFound, Boolean ensureIsUpToDate)
   at System.Web.Compilation.BuildManager.GetVPathBuildResultWithNoAssert(HttpContext context, VirtualPath virtualPath, Boolean noBuild, Boolean allowCrossApp, Boolean allowBuildInPrecompile, Boolean throwIfNotFound, Boolean ensureIsUpToDate)
   at System.Web.Compilation.BuildManager.GetVirtualPathObjectFactory(VirtualPath virtualPath, HttpContext context, Boolean allowCrossApp, Boolean throwIfNotFound)
   at System.Web.Compilation.BuildManager.CreateInstanceFromVirtualPath(VirtualPath virtualPath, Type requiredBaseType, HttpContext context, Boolean allowCrossApp)
   at System.Web.UI.PageHandlerFactory.GetHandlerHelper(HttpContext context, String requestType, VirtualPath virtualPath, String physicalPath)
   at System.Web.UI.PageHandlerFactory.GetHandler(HttpContext context, String requestType, String virtualPath, String path)
   at System.Web.HttpApplication.MaterializeHandlerExecutionStep.System.Web.HttpApplication.IExecutionStep.Execute()
   at System.Web.HttpApplication.ExecuteStep(IExecutionStep step, Boolean& completedSynchronously)

********** 4/12/2016 5:07:52 PM **********
Inner Exception Type: System.Web.HttpCompileException
Inner Exception: d:\Work\Projects\surveyproject\SurveyWAP\NSurveyAdmin\UserControls\GroupManager.ascx(44): error CS1061: 'ASP.nsurveyadmin_usercontrols_groupmanager_ascx' does not contain a definition for 'gvUsers_PageIndexChanged' and no extension method 'gvUsers_PageIndexChanged' accepting a first argument of type 'ASP.nsurveyadmin_usercontrols_groupmanager_ascx' could be found (are you missing a using directive or an assembly reference?)
Inner Source: System.Web
Inner Stack Trace: 
   at System.Web.Compilation.AssemblyBuilder.Compile()
   at System.Web.Compilation.BuildProvidersCompiler.PerformBuild()
   at System.Web.Compilation.BuildManager.CompileWebFile(VirtualPath virtualPath)
   at System.Web.Compilation.BuildManager.GetVPathBuildResultInternal(VirtualPath virtualPath, Boolean noBuild, Boolean allowCrossApp, Boolean allowBuildInPrecompile, Boolean throwIfNotFound, Boolean ensureIsUpToDate)
   at System.Web.Compilation.BuildManager.GetVPathBuildResultWithNoAssert(HttpContext context, VirtualPath virtualPath, Boolean noBuild, Boolean allowCrossApp, Boolean allowBuildInPrecompile, Boolean throwIfNotFound, Boolean ensureIsUpToDate)
   at System.Web.Compilation.BuildManager.GetVPathBuildResult(HttpContext context, VirtualPath virtualPath, Boolean noBuild, Boolean allowCrossApp, Boolean allowBuildInPrecompile, Boolean ensureIsUpToDate)
   at System.Web.UI.BaseTemplateParser.GetReferencedType(VirtualPath virtualPath, Boolean allowNoCompile)
   at System.Web.UI.BaseTemplateParser.GetUserControlType(VirtualPath virtualPath)
   at System.Web.UI.MainTagNameToTypeMapper.ProcessUserControlRegistration(UserControlRegisterEntry ucRegisterEntry)
   at System.Web.UI.BaseTemplateParser.ProcessDirective(String directiveName, IDictionary directive)
   at System.Web.UI.TemplateControlParser.ProcessDirective(String directiveName, IDictionary directive)
   at System.Web.UI.PageParser.ProcessDirective(String directiveName, IDictionary directive)
   at System.Web.UI.TemplateParser.ParseStringInternal(String text, Encoding fileEncoding)
Exception Type: System.Web.HttpParseException
Exception: d:\Work\Projects\surveyproject\SurveyWAP\NSurveyAdmin\UserControls\GroupManager.ascx(44): error CS1061: 'ASP.nsurveyadmin_usercontrols_groupmanager_ascx' does not contain a definition for 'gvUsers_PageIndexChanged' and no extension method 'gvUsers_PageIndexChanged' accepting a first argument of type 'ASP.nsurveyadmin_usercontrols_groupmanager_ascx' could be found (are you missing a using directive or an assembly reference?)
Source: DefaultPage
Stack Trace: 
   at System.Web.UI.TemplateParser.ProcessException(Exception ex)
   at System.Web.UI.TemplateParser.ParseStringInternal(String text, Encoding fileEncoding)
   at System.Web.UI.TemplateParser.ParseString(String text, VirtualPath virtualPath, Encoding fileEncoding)
   at System.Web.UI.TemplateParser.ParseFile(String physicalPath, VirtualPath virtualPath)
   at System.Web.UI.TemplateParser.ParseInternal()
   at System.Web.UI.TemplateParser.Parse()
   at System.Web.Compilation.BaseTemplateBuildProvider.get_CodeCompilerType()
   at System.Web.Compilation.BuildProvider.GetCompilerTypeFromBuildProvider(BuildProvider buildProvider)
   at System.Web.Compilation.BuildProvidersCompiler.ProcessBuildProviders()
   at System.Web.Compilation.BuildProvidersCompiler.PerformBuild()
   at System.Web.Compilation.BuildManager.CompileWebFile(VirtualPath virtualPath)
   at System.Web.Compilation.BuildManager.GetVPathBuildResultInternal(VirtualPath virtualPath, Boolean noBuild, Boolean allowCrossApp, Boolean allowBuildInPrecompile, Boolean throwIfNotFound, Boolean ensureIsUpToDate)
   at System.Web.Compilation.BuildManager.GetVPathBuildResultWithNoAssert(HttpContext context, VirtualPath virtualPath, Boolean noBuild, Boolean allowCrossApp, Boolean allowBuildInPrecompile, Boolean throwIfNotFound, Boolean ensureIsUpToDate)
   at System.Web.Compilation.BuildManager.GetVirtualPathObjectFactory(VirtualPath virtualPath, HttpContext context, Boolean allowCrossApp, Boolean throwIfNotFound)
   at System.Web.Compilation.BuildManager.CreateInstanceFromVirtualPath(VirtualPath virtualPath, Type requiredBaseType, HttpContext context, Boolean allowCrossApp)
   at System.Web.UI.PageHandlerFactory.GetHandlerHelper(HttpContext context, String requestType, VirtualPath virtualPath, String physicalPath)
   at System.Web.UI.PageHandlerFactory.GetHandler(HttpContext context, String requestType, String virtualPath, String path)
   at System.Web.HttpApplication.MaterializeHandlerExecutionStep.System.Web.HttpApplication.IExecutionStep.Execute()
   at System.Web.HttpApplication.ExecuteStep(IExecutionStep step, Boolean& completedSynchronously)

********** 4/12/2016 5:10:34 PM **********
Inner Exception Type: System.Web.HttpCompileException
Inner Exception: d:\Work\Projects\surveyproject\SurveyWAP\NSurveyAdmin\UserControls\GroupManager.ascx(44): error CS1061: 'ASP.nsurveyadmin_usercontrols_groupmanager_ascx' does not contain a definition for 'gvUsers_PageIndexChanged' and no extension method 'gvUsers_PageIndexChanged' accepting a first argument of type 'ASP.nsurveyadmin_usercontrols_groupmanager_ascx' could be found (are you missing a using directive or an assembly reference?)
Inner Source: System.Web
Inner Stack Trace: 
   at System.Web.Compilation.AssemblyBuilder.Compile()
   at System.Web.Compilation.BuildProvidersCompiler.PerformBuild()
   at System.Web.Compilation.BuildManager.CompileWebFile(VirtualPath virtualPath)
   at System.Web.Compilation.BuildManager.GetVPathBuildResultInternal(VirtualPath virtualPath, Boolean noBuild, Boolean allowCrossApp, Boolean allowBuildInPrecompile, Boolean throwIfNotFound, Boolean ensureIsUpToDate)
   at System.Web.Compilation.BuildManager.GetVPathBuildResultWithNoAssert(HttpContext context, VirtualPath virtualPath, Boolean noBuild, Boolean allowCrossApp, Boolean allowBuildInPrecompile, Boolean throwIfNotFound, Boolean ensureIsUpToDate)
   at System.Web.Compilation.BuildManager.GetVPathBuildResult(HttpContext context, VirtualPath virtualPath, Boolean noBuild, Boolean allowCrossApp, Boolean allowBuildInPrecompile, Boolean ensureIsUpToDate)
   at System.Web.UI.BaseTemplateParser.GetReferencedType(VirtualPath virtualPath, Boolean allowNoCompile)
   at System.Web.UI.BaseTemplateParser.GetUserControlType(VirtualPath virtualPath)
   at System.Web.UI.MainTagNameToTypeMapper.ProcessUserControlRegistration(UserControlRegisterEntry ucRegisterEntry)
   at System.Web.UI.BaseTemplateParser.ProcessDirective(String directiveName, IDictionary directive)
   at System.Web.UI.TemplateControlParser.ProcessDirective(String directiveName, IDictionary directive)
   at System.Web.UI.PageParser.ProcessDirective(String directiveName, IDictionary directive)
   at System.Web.UI.TemplateParser.ParseStringInternal(String text, Encoding fileEncoding)
Exception Type: System.Web.HttpParseException
Exception: d:\Work\Projects\surveyproject\SurveyWAP\NSurveyAdmin\UserControls\GroupManager.ascx(44): error CS1061: 'ASP.nsurveyadmin_usercontrols_groupmanager_ascx' does not contain a definition for 'gvUsers_PageIndexChanged' and no extension method 'gvUsers_PageIndexChanged' accepting a first argument of type 'ASP.nsurveyadmin_usercontrols_groupmanager_ascx' could be found (are you missing a using directive or an assembly reference?)
Source: DefaultPage
Stack Trace: 
   at System.Web.UI.TemplateParser.ProcessException(Exception ex)
   at System.Web.UI.TemplateParser.ParseStringInternal(String text, Encoding fileEncoding)
   at System.Web.UI.TemplateParser.ParseString(String text, VirtualPath virtualPath, Encoding fileEncoding)
   at System.Web.UI.TemplateParser.ParseFile(String physicalPath, VirtualPath virtualPath)
   at System.Web.UI.TemplateParser.ParseInternal()
   at System.Web.UI.TemplateParser.Parse()
   at System.Web.Compilation.BaseTemplateBuildProvider.get_CodeCompilerType()
   at System.Web.Compilation.BuildProvider.GetCompilerTypeFromBuildProvider(BuildProvider buildProvider)
   at System.Web.Compilation.BuildProvidersCompiler.ProcessBuildProviders()
   at System.Web.Compilation.BuildProvidersCompiler.PerformBuild()
   at System.Web.Compilation.BuildManager.CompileWebFile(VirtualPath virtualPath)
   at System.Web.Compilation.BuildManager.GetVPathBuildResultInternal(VirtualPath virtualPath, Boolean noBuild, Boolean allowCrossApp, Boolean allowBuildInPrecompile, Boolean throwIfNotFound, Boolean ensureIsUpToDate)
   at System.Web.Compilation.BuildManager.GetVPathBuildResultWithNoAssert(HttpContext context, VirtualPath virtualPath, Boolean noBuild, Boolean allowCrossApp, Boolean allowBuildInPrecompile, Boolean throwIfNotFound, Boolean ensureIsUpToDate)
   at System.Web.Compilation.BuildManager.GetVirtualPathObjectFactory(VirtualPath virtualPath, HttpContext context, Boolean allowCrossApp, Boolean throwIfNotFound)
   at System.Web.Compilation.BuildManager.CreateInstanceFromVirtualPath(VirtualPath virtualPath, Type requiredBaseType, HttpContext context, Boolean allowCrossApp)
   at System.Web.UI.PageHandlerFactory.GetHandlerHelper(HttpContext context, String requestType, VirtualPath virtualPath, String physicalPath)
   at System.Web.UI.PageHandlerFactory.GetHandler(HttpContext context, String requestType, String virtualPath, String path)
   at System.Web.HttpApplication.MaterializeHandlerExecutionStep.System.Web.HttpApplication.IExecutionStep.Execute()
   at System.Web.HttpApplication.ExecuteStep(IExecutionStep step, Boolean& completedSynchronously)

********** 4/12/2016 5:13:22 PM **********
Inner Exception Type: System.NullReferenceException
Inner Exception: Object reference not set to an instance of an object.
Inner Source: Votations.NSurvey.WebAdmin
Inner Stack Trace: 
   at Votations.NSurvey.WebAdmin.UserControls.GroupManager.InitializeComponent() in D:\Work\Projects\surveyproject\SurveyWAP\NSurveyAdmin\UserControls\GroupManager.ascx.cs:line 292
   at Votations.NSurvey.WebAdmin.UserControls.GroupManager.OnInit(EventArgs e) in D:\Work\Projects\surveyproject\SurveyWAP\NSurveyAdmin\UserControls\GroupManager.ascx.cs:line 282
   at System.Web.UI.Control.InitRecursive(Control namingContainer)
   at System.Web.UI.Control.InitRecursive(Control namingContainer)
   at System.Web.UI.Control.InitRecursive(Control namingContainer)
   at System.Web.UI.Control.InitRecursive(Control namingContainer)
   at System.Web.UI.Control.InitRecursive(Control namingContainer)
   at System.Web.UI.Page.ProcessRequestMain(Boolean includeStagesBeforeAsyncPoint, Boolean includeStagesAfterAsyncPoint)
Exception Type: System.Web.HttpUnhandledException
Exception: Exception of type 'System.Web.HttpUnhandledException' was thrown.
Source: DefaultPage
Stack Trace: 
   at System.Web.UI.Page.HandleError(Exception e)
   at System.Web.UI.Page.ProcessRequestMain(Boolean includeStagesBeforeAsyncPoint, Boolean includeStagesAfterAsyncPoint)
   at System.Web.UI.Page.ProcessRequest(Boolean includeStagesBeforeAsyncPoint, Boolean includeStagesAfterAsyncPoint)
   at System.Web.UI.Page.ProcessRequest()
   at System.Web.UI.Page.ProcessRequestWithNoAssert(HttpContext context)
   at System.Web.UI.Page.ProcessRequest(HttpContext context)
   at ASP.nsurveyadmin_usersmanager_aspx.ProcessRequest(HttpContext context) in c:\Users\viettq\AppData\Local\Temp\Temporary ASP.NET Files\vs\8aed6fa8\d519847a\App_Web_duisyvnm.6.cs:line 0
   at System.Web.HttpApplication.CallHandlerExecutionStep.System.Web.HttpApplication.IExecutionStep.Execute()
   at System.Web.HttpApplication.ExecuteStep(IExecutionStep step, Boolean& completedSynchronously)

********** 4/12/2016 5:14:17 PM **********
Inner Exception Type: System.NullReferenceException
Inner Exception: Object reference not set to an instance of an object.
Inner Source: Votations.NSurvey.WebAdmin
Inner Stack Trace: 
   at Votations.NSurvey.WebAdmin.UserControls.GroupManager.LocalizePage() in D:\Work\Projects\surveyproject\SurveyWAP\NSurveyAdmin\UserControls\GroupManager.ascx.cs:line 132
   at Votations.NSurvey.WebAdmin.UserControls.GroupManager.Page_Load(Object sender, EventArgs e) in D:\Work\Projects\surveyproject\SurveyWAP\NSurveyAdmin\UserControls\GroupManager.ascx.cs:line 102
   at System.Web.UI.Control.OnLoad(EventArgs e)
   at System.Web.UI.Control.LoadRecursive()
   at System.Web.UI.Control.LoadRecursive()
   at System.Web.UI.Control.LoadRecursive()
   at System.Web.UI.Control.LoadRecursive()
   at System.Web.UI.Control.LoadRecursive()
   at System.Web.UI.Page.ProcessRequestMain(Boolean includeStagesBeforeAsyncPoint, Boolean includeStagesAfterAsyncPoint)
Exception Type: System.Web.HttpUnhandledException
Exception: Exception of type 'System.Web.HttpUnhandledException' was thrown.
Source: DefaultPage
Stack Trace: 
   at System.Web.UI.Page.HandleError(Exception e)
   at System.Web.UI.Page.ProcessRequestMain(Boolean includeStagesBeforeAsyncPoint, Boolean includeStagesAfterAsyncPoint)
   at System.Web.UI.Page.ProcessRequest(Boolean includeStagesBeforeAsyncPoint, Boolean includeStagesAfterAsyncPoint)
   at System.Web.UI.Page.ProcessRequest()
   at System.Web.UI.Page.ProcessRequestWithNoAssert(HttpContext context)
   at System.Web.UI.Page.ProcessRequest(HttpContext context)
   at ASP.nsurveyadmin_usersmanager_aspx.ProcessRequest(HttpContext context) in c:\Users\viettq\AppData\Local\Temp\Temporary ASP.NET Files\vs\8aed6fa8\d519847a\App_Web_ayyhsicv.16.cs:line 0
   at System.Web.HttpApplication.CallHandlerExecutionStep.System.Web.HttpApplication.IExecutionStep.Execute()
   at System.Web.HttpApplication.ExecuteStep(IExecutionStep step, Boolean& completedSynchronously)

********** 4/12/2016 5:14:59 PM **********
Inner Exception Type: System.NullReferenceException
Inner Exception: Object reference not set to an instance of an object.
Inner Source: Votations.NSurvey.WebAdmin
Inner Stack Trace: 
   at Votations.NSurvey.WebAdmin.UserControls.GroupManager.SwitchToCreationMode() in D:\Work\Projects\surveyproject\SurveyWAP\NSurveyAdmin\UserControls\GroupManager.ascx.cs:line 169
   at Votations.NSurvey.WebAdmin.UserControls.GroupManager.Page_Load(Object sender, EventArgs e) in D:\Work\Projects\surveyproject\SurveyWAP\NSurveyAdmin\UserControls\GroupManager.ascx.cs:line 107
   at System.Web.UI.Control.OnLoad(EventArgs e)
   at System.Web.UI.Control.LoadRecursive()
   at System.Web.UI.Control.LoadRecursive()
   at System.Web.UI.Control.LoadRecursive()
   at System.Web.UI.Control.LoadRecursive()
   at System.Web.UI.Control.LoadRecursive()
   at System.Web.UI.Page.ProcessRequestMain(Boolean includeStagesBeforeAsyncPoint, Boolean includeStagesAfterAsyncPoint)
Exception Type: System.Web.HttpUnhandledException
Exception: Exception of type 'System.Web.HttpUnhandledException' was thrown.
Source: DefaultPage
Stack Trace: 
   at System.Web.UI.Page.HandleError(Exception e)
   at System.Web.UI.Page.ProcessRequestMain(Boolean includeStagesBeforeAsyncPoint, Boolean includeStagesAfterAsyncPoint)
   at System.Web.UI.Page.ProcessRequest(Boolean includeStagesBeforeAsyncPoint, Boolean includeStagesAfterAsyncPoint)
   at System.Web.UI.Page.ProcessRequest()
   at System.Web.UI.Page.ProcessRequestWithNoAssert(HttpContext context)
   at System.Web.UI.Page.ProcessRequest(HttpContext context)
   at ASP.nsurveyadmin_usersmanager_aspx.ProcessRequest(HttpContext context) in c:\Users\viettq\AppData\Local\Temp\Temporary ASP.NET Files\vs\8aed6fa8\d519847a\App_Web_3ozxzr1k.14.cs:line 0
   at System.Web.HttpApplication.CallHandlerExecutionStep.System.Web.HttpApplication.IExecutionStep.Execute()
   at System.Web.HttpApplication.ExecuteStep(IExecutionStep step, Boolean& completedSynchronously)

